make.exe all --print-data-base --no-builtin-variables --no-builtin-rules --question
make: *** No rule to make target 'all'.  Stop.
 
# GNU Make 4.3
# Built for x86_64-pc-msys
# Copyright (C) 1988-2020 Free Software Foundation, Inc.
# License GPLv3+: GNU GPL version 3 or later <http://gnu.org/licenses/gpl.html>
# This is free software: you are free to change and redistribute it.
# There is NO WARRANTY, to the extent permitted by law.

# Make data base, printed on Mon Mar 21 18:28:34 2022

# Variables

# environment
FPS_BROWSER_APP_PROFILE_STRING = Internet Explorer
# environment
SYSTEMDRIVE = C:
# environment
JAVA_HOME = C:\emsdk\java\8.152_64bit
# makefile (from 'Makefile', line 9)
OUTPUT = $(PROJECT_NAME).exe
# environment
LC_ALL = C
# environment
_MSYS2_BASH = C:\tools\msys64\usr\bin\bash.exe
# environment
OCULUSBASE = C:\Program Files\Oculus\
# makefile (from 'Makefile', line 2)
PROJECT_NAME = demo
# environment
USERPROFILE = C:\Users\super
# environment
EMSDK_PYTHON = C:\emsdk\python\3.9.2-1_64bit\python.exe
# environment
VBOX_MSI_INSTALL_PATH = C:\Program Files\Oracle\VirtualBox\
# environment
LOCALAPPDATA = C:\Users\super\AppData\Local
# environment
VSCODE_IPC_HOOK_EXTHOST = \\.\pipe\vscode-ipc-97d6bb72-b4a1-4d95-92ea-6ca846b2df6a-sock
# environment
VSCODE_CWD = C:\Users\super\AppData\Local\Programs\Microsoft VS Code
# environment
CHOCOLATEYINSTALL = C:\ProgramData\chocolatey
# environment
SYSTEMROOT = C:\WINDOWS
# environment
PROCESSOR_LEVEL = 6
# environment
PSMODULEPATH = C:\Program Files\WindowsPowerShell\Modules;C:\WINDOWS\system32\WindowsPowerShell\v1.0\Modules
# default
MAKE_COMMAND := make
# environment
GOPATH = C:\Users\super\go
# automatic
@D = $(patsubst %/,%,$(dir $@))
# makefile (from 'Makefile', line 1)
SOURCE_FILES = src/ecs/systems.c src/ecs/ecs.c src/main.c
# environment
CHROME_CRASHPAD_PIPE_NAME = \\.\pipe\crashpad_63976_HRNYNTODRWBSAXXW
# environment
FPS_BROWSER_USER_PROFILE_STRING = Default
# environment
VSCODE_HANDLES_UNCAUGHT_ERRORS = true
# default
.VARIABLES := 
# automatic
%D = $(patsubst %/,%,$(dir $%))
# automatic
^D = $(patsubst %/,%,$(dir $^))
# environment
VSCODE_LOG_STACK = false
# automatic
%F = $(notdir $%)
# environment
VSCODE_CODE_CACHE_PATH = C:\Users\super\AppData\Roaming\Code\CachedData\c722ca6c7eed3d7987c0d5c3df5c45f6b15e77d1
# environment
LANG = C
# default
.LOADED := 
# environment
TMP = /c/Users/super/AppData/Local/Temp
# default
.INCLUDE_DIRS = /usr/include /usr/include
# environment
CONFIGSETROOT = C:\WINDOWS\ConfigSetRoot
# makefile
MAKEFLAGS = pqrR
# environment
INTEL_DEV_REDIST = c:\Program Files (x86)\Common Files\Intel\Shared Libraries\
# environment
ONEDRIVE = C:\Users\super\OneDrive
# makefile
CURDIR := /c/Users/super/OneDrive/Desktop/Programming/Gamedev/raylib/WIP/ECS
# environment
VSCODE_PIPE_LOGGING = true
# environment
APPLICATION_INSIGHTS_NO_DIAGNOSTIC_CHANNEL = 1
# automatic
*D = $(patsubst %/,%,$(dir $*))
# environment
PROGRAMFILES = C:\Program Files
# environment
MFLAGS = -pqrR
# default
.SHELLFLAGS := -c
# environment
!C: = c:\Users\super\OneDrive\Desktop\Programming\Gamedev\raylib\WIP\ECS
# environment
COMMONPROGRAMW6432 = C:\Program Files\Common Files
# automatic
+D = $(patsubst %/,%,$(dir $+))
# makefile (from 'Makefile', line 1)
MAKEFILE_LIST := Makefile
# automatic
@F = $(notdir $@)
# environment
VSCODE_VERBOSE_LOGGING = true
# environment
VSCODE_PID = 63976
# automatic
?D = $(patsubst %/,%,$(dir $?))
# automatic
*F = $(notdir $*)
# environment
EM_CONFIG = C:\emsdk\.emscripten
# automatic
<D = $(patsubst %/,%,$(dir $<))
# makefile (from 'Makefile', line 6)
PCFLAGS = desktop -DPLATFORM_DESKTOP
# environment
VSCODE_NLS_CONFIG = {"locale":"en-us","availableLanguages":{},"_languagePackSupport":true}
# default
MAKE_HOST := x86_64-pc-msys
# environment
PROGRAMDATA = C:\ProgramData
# default
SHELL := /bin/sh
# environment
HOMEPATH = \Users\super
# default
MAKECMDGOALS := all
# environment
DRIVERDATA = C:\Windows\System32\Drivers\DriverData
# environment
COMSPEC = C:\WINDOWS\system32\cmd.exe
# environment
WINDIR = C:\WINDOWS
# environment
MAKELEVEL := 0
# default
MAKE = $(MAKE_COMMAND)
# environment
PATH = /usr/bin:/c/Program Files/Oculus/Support/oculus-runtime:/c/MinGW/bin:/c/Program Files (x86)/Common Files/Intel/Shared Libraries/redist/intel64_win/compiler:/c/Program Files (x86)/Common Files/Oracle/Java/javapath:/c/Windows/system32:/c/Windows:/c/Windows/System32/Wbem:/c/Windows/System32/WindowsPowerShell/v1.0:/c/Windows/System32/OpenSSH:/c/Program Files (x86)/NVIDIA Corporation/PhysX/Common:/c/Program Files/Microsoft SQL Server/130/Tools/Binn:/c/WINDOWS/system32:/c/WINDOWS:/c/WINDOWS/System32/Wbem:/c/WINDOWS/System32/WindowsPowerShell/v1.0:/c/WINDOWS/System32/OpenSSH:/c/ffmpeg/bin:/c/Program Files/dotnet:/c/Program Files/Microsoft SQL Server/Client SDK/ODBC/170/Tools/Binn:/c/ProgramData/chocolatey/bin:/c/Program Files/Git/cmd:/c/Program Files/CMake/bin:/c/Program Files/Go/bin:/c/emsdk/upstream/emscripten:/c/emsdk:/c/emsdk/node/14.15.5_64bit/bin:/c/Users/super/.cargo/bin:/c/Users/super/AppData/Local/Programs/Python/Python39/Scripts:/mingw64/bin:/c/Users/super/AppData/Local/Programs/Python/Python39:/c/Users/super/AppData/Local/Microsoft/WindowsApps:/c/Users/super/.dotnet/tools:/c/Users/super/AppData/Local/Programs/Microsoft VS Code/bin:/c/Users/super/AppData/Roaming/cabal/bin:/c/tools/ghc-9.0.1/bin:/c/tools/msys64:/c/Users/super/go/bin
# environment
ZES_ENABLE_SYSMAN = 1
# environment
COMPUTERNAME = MSI
# environment
EMSDK_NODE = C:\emsdk\node\14.15.5_64bit\bin\node.exe
# default
MAKEFILES := 
# automatic
^F = $(notdir $^)
# environment
_MSYS2_PREFIX = x86_64
# environment
PROMPT = $P$G
# environment
CHOCOLATEYLASTPATHUPDATE = 132745520912869422
# environment
LOGONSERVER = \\MSI
# environment
VSCODE_LOG_NATIVE = false
# environment
USERNAME = super
# environment
COMMONPROGRAMFILES = C:\Program Files\Common Files
# automatic
?F = $(notdir $?)
# environment
PROGRAMW6432 = C:\Program Files
# environment
PATHEXT = .COM;.EXE;.BAT;.CMD;.VBS;.VBE;.JS;.JSE;.WSF;.WSH;.MSC
# automatic
+F = $(notdir $+)
# environment
ORIGINAL_XDG_CURRENT_DESKTOP = undefined
# environment
USERDOMAIN = MSI
# 'override' directive
GNUMAKEFLAGS := 
# environment
OS = Windows_NT
# makefile
.DEFAULT_GOAL := debug
# default
MAKE_VERSION := 4.3
# environment
PROGRAMFILES(X86) = C:\Program Files (x86)
# makefile (from 'Makefile', line 8)
LDFLAGS = -lraylib
# environment
USERDOMAIN_ROAMINGPROFILE = MSI
# environment
NUMBER_OF_PROCESSORS = 12
# environment
PUBLIC = C:\Users\Public
# environment
APPDATA = C:\Users\super\AppData\Roaming
# makefile (from 'Makefile', line 4)
CFLAGS = -Os -std=c99 -Wall -Isrc/include -Lsrc/lib/
# environment
HOMEDRIVE = C:
# environment
PROCESSOR_ARCHITECTURE = AMD64
# environment
VSCODE_AMD_ENTRYPOINT = vs/workbench/api/node/extensionHostProcess
# makefile (from 'Makefile', line 5)
WEBFLAGS = web -s USE_GLFW=3 -s TOTAL_MEMORY=67108864 -s FORCE_FILESYSTEM=1 --shell-file config/template.html  
# environment
HOME = /home/super
# environment
COMMONPROGRAMFILES(X86) = C:\Program Files (x86)\Common Files
# environment
ELECTRON_RUN_AS_NODE = 1
# environment
TEMP = /c/Users/super/AppData/Local/Temp
# environment
VSCODE_IPC_HOOK = \\.\pipe\07553f2a178ca87b3c05c2b1c3e04a18-1.65.2-main-sock
# environment
TERM = xterm-256color
# default
.RECIPEPREFIX := 
# automatic
<F = $(notdir $<)
# makefile (from 'Makefile', line 7)
RAYLIB_LOC = src/lib/desktop
# default
SUFFIXES := 
# environment
ALLUSERSPROFILE = C:\ProgramData
# environment
SESSIONNAME = Console
# default
.FEATURES := target-specific order-only second-expansion else-if shortest-stem undefine oneshell nocomment grouped-target extra-prereqs archives jobserver output-sync check-symlink load
# environment
MIC_LD_LIBRARY_PATH = c:\Program Files (x86)\Common Files\Intel\Shared Libraries\compiler\lib\intel64_win_mic
# environment
PROCESSOR_REVISION = 9e0d
# environment
CHOCOLATEYTOOLSLOCATION = C:\tools
# environment
PROCESSOR_IDENTIFIER = Intel64 Family 6 Model 158 Stepping 13, GenuineIntel
# variable set hash-table stats:
# Load=120/1024=12%, Rehash=0, Collisions=14/152=9%

# Pattern-specific Variable Values

# No pattern-specific variable values.

# Directories

# . (device 2392842953, inode 45598946227135358): 9 files, no impossibilities.

# 9 files, no impossibilities in 1 directories.

# Implicit Rules

# No implicit rules.

# Files

debug:
#  Implicit rule search has not been done.
#  Modification time never checked.
#  File has not been updated.
#  recipe to execute (from 'Makefile', line 13):
	gcc $(SOURCE_FILES) -o builds/$(PROJECT_NAME).exe $(CFLAGS)$(PCFLAGS) $(LDFLAGS) -lopengl32 -lgdi32 -lwinmm

# Not a target:
Makefile:
#  Implicit rule search has been done.
#  Last modified 2022-03-21 17:45:03.0869558
#  File has been updated.
#  Successfully updated.

# Not a target:
.DEFAULT:
#  Implicit rule search has not been done.
#  Modification time never checked.
#  File has not been updated.

# Not a target:
all:
#  Command line target.
#  Implicit rule search has been done.
#  File does not exist.
#  File has not been updated.

release(windows):
#  Implicit rule search has not been done.
#  Modification time never checked.
#  File has not been updated.
#  recipe to execute (from 'Makefile', line 16):
	gcc -static -mwindows $(SOURCE_FILES) -o  builds/$(PROJECT_NAME).exe $(CFLAGS)$(PCFLAGS) $(LDFLAGS) -lopengl32 -lgdi32 -lwinmm

release(web):
#  Implicit rule search has not been done.
#  Modification time never checked.
#  File has not been updated.
#  recipe to execute (from 'Makefile', line 19):
	emcc -static $(SOURCE_FILES) -o  builds/web/$(PROJECT_NAME).html $(CFLAGS)$(WEBFLAGS) $(LDFLAGS)

# files hash-table stats:
# Load=7/1024=1%, Rehash=0, Collisions=0/17=0%
# VPATH Search Paths

# No 'vpath' search paths.

# No general ('VPATH' variable) search path.

# strcache buffers: 1 (0) / strings = 16 / storage = 128 B / avg = 8 B
# current buf: size = 8162 B / used = 128 B / count = 16 / avg = 8 B

# strcache performance: lookups = 23 / hit rate = 30%
# hash-table stats:
# Load=16/8192=0%, Rehash=0, Collisions=0/23=0%
# Finished Make data base on Mon Mar 21 18:28:34 2022

 
